gradle: gradle: Is a directory
Exception in thread "DisconnectableInputStream source reader" org.gradle.api.UncheckedIOException: java.io.IOException: Bad file descriptor
	at org.gradle.internal.UncheckedException.throwAsUncheckedException(UncheckedException.java:62)
	at org.gradle.internal.UncheckedException.throwAsUncheckedException(UncheckedException.java:41)
	at org.gradle.util.internal.DisconnectableInputStream$1.run(DisconnectableInputStream.java:127)
	at java.base/java.lang.Thread.run(Thread.java:829)
Caused by: java.io.IOException: Bad file descriptor
	at java.base/java.io.FileInputStream.readBytes(Native Method)
	at java.base/java.io.FileInputStream.read(FileInputStream.java:279)
	at java.base/java.io.BufferedInputStream.read1(BufferedInputStream.java:290)
	at java.base/java.io.BufferedInputStream.read(BufferedInputStream.java:351)
	at org.gradle.util.internal.DisconnectableInputStream$1.run(DisconnectableInputStream.java:98)
	... 1 more
> Task :compileJava UP-TO-DATE
> Task :processResources UP-TO-DATE
> Task :classes UP-TO-DATE

> Task :bootRun

  .   ____          _            __ _ _
 /\\ / ___'_ __ _ _(_)_ __  __ _ \ \ \ \
( ( )\___ | '_ | '_| | '_ \/ _` | \ \ \ \
 \\/  ___)| |_)| | | | | || (_| |  ) ) ) )
  '  |____| .__|_| |_|_| |_\__, | / / / /
 =========|_|==============|___/=/_/_/_/
 :: Spring Boot ::        (v2.3.4.RELEASE)

2022-11-19 19:08:43.075  INFO 53890 --- [  restartedMain] c.d.DevOpsUsach2020Application           : Starting DevOpsUsach2020Application on controlnode with PID 53890 (/home/rpineda/repositorios/ejemplo-gradle/build/classes/java/main started by rpineda in /home/rpineda/repositorios/ejemplo-gradle)
2022-11-19 19:08:43.078  INFO 53890 --- [  restartedMain] c.d.DevOpsUsach2020Application           : No active profile set, falling back to default profiles: default
2022-11-19 19:08:43.121  INFO 53890 --- [  restartedMain] .e.DevToolsPropertyDefaultsPostProcessor : Devtools property defaults active! Set 'spring.devtools.add-properties' to 'false' to disable
2022-11-19 19:08:43.121  INFO 53890 --- [  restartedMain] .e.DevToolsPropertyDefaultsPostProcessor : For additional web related logging consider setting the 'logging.level.web' property to 'DEBUG'
2022-11-19 19:08:43.664  INFO 53890 --- [  restartedMain] o.s.b.w.embedded.tomcat.TomcatWebServer  : Tomcat initialized with port(s): 8081 (http)
2022-11-19 19:08:43.671  INFO 53890 --- [  restartedMain] o.apache.catalina.core.StandardService   : Starting service [Tomcat]
2022-11-19 19:08:43.672  INFO 53890 --- [  restartedMain] org.apache.catalina.core.StandardEngine  : Starting Servlet engine: [Apache Tomcat/9.0.38]
2022-11-19 19:08:43.716  INFO 53890 --- [  restartedMain] o.a.c.c.C.[Tomcat].[localhost].[/]       : Initializing Spring embedded WebApplicationContext
2022-11-19 19:08:43.716  INFO 53890 --- [  restartedMain] w.s.c.ServletWebServerApplicationContext : Root WebApplicationContext: initialization completed in 595 ms
2022-11-19 19:08:43.829  INFO 53890 --- [  restartedMain] o.s.s.concurrent.ThreadPoolTaskExecutor  : Initializing ExecutorService 'applicationTaskExecutor'
2022-11-19 19:08:43.969  INFO 53890 --- [  restartedMain] o.s.b.d.a.OptionalLiveReloadServer       : LiveReload server is running on port 35729
2022-11-19 19:08:43.991  INFO 53890 --- [  restartedMain] o.s.b.w.embedded.tomcat.TomcatWebServer  : Tomcat started on port(s): 8081 (http) with context path ''
2022-11-19 19:08:43.999  INFO 53890 --- [  restartedMain] c.d.DevOpsUsach2020Application           : Started DevOpsUsach2020Application in 1.194 seconds (JVM running for 1.459)
2022-11-19 19:09:11.148  INFO 53890 --- [nio-8081-exec-1] o.a.c.c.C.[Tomcat].[localhost].[/]       : Initializing Spring DispatcherServlet 'dispatcherServlet'
2022-11-19 19:09:11.149  INFO 53890 --- [nio-8081-exec-1] o.s.web.servlet.DispatcherServlet        : Initializing Servlet 'dispatcherServlet'
2022-11-19 19:09:11.155  INFO 53890 --- [nio-8081-exec-1] o.s.web.servlet.DispatcherServlet        : Completed initialization in 6 ms
2022-11-19 19:09:11.173  INFO 53890 --- [nio-8081-exec-1] devops.subnivel.Control                  : Proceso exitoso de prueba
